<?xml version="1.0" encoding="UTF-8"?>
<!-- Generated by org.testng.reporters.JUnitReportReporter -->
<testsuite hostname="vikas" failures="0" tests="3" name="tesng.Sample3" time="0.022" errors="0" timestamp="2022-08-18T22:03:37 IST" skipped="0">
  <testcase classname="tesng.Sample3" name="TC7" time="0.017"/>
  <system-out>
    <![CDATA[Running TC7]]>
  </system-out>
  <testcase classname="tesng.Sample3" name="TC8" time="0.003"/>
  <system-out>
    <![CDATA[Running TC8]]>
  </system-out>
  <testcase classname="tesng.Sample3" name="TC9" time="0.002"/>
  <system-out>
    <![CDATA[Running TC9]]>
  </system-out>
</testsuite> <!-- tesng.Sample3 -->
