<?xml version="1.0" encoding="UTF-8"?>
<!-- Generated by org.testng.reporters.JUnitReportReporter -->
<testsuite hostname="vikas" failures="0" tests="3" name="tesng.Sample1" time="0.036" errors="0" timestamp="2022-08-18T22:03:37 IST" skipped="0">
  <testcase classname="tesng.Sample1" name="TC1" time="0.019"/>
  <system-out>
    <![CDATA[Running TC1]]>
  </system-out>
  <testcase classname="tesng.Sample1" name="TC2" time="0.009"/>
  <system-out>
    <![CDATA[Running TC2]]>
  </system-out>
  <testcase classname="tesng.Sample1" name="TC3" time="0.008"/>
  <system-out>
    <![CDATA[Running TC3]]>
  </system-out>
</testsuite> <!-- tesng.Sample1 -->
