<?xml version="1.0" encoding="UTF-8"?>
<!-- Generated by org.testng.reporters.JUnitReportReporter -->
<testsuite hostname="vikas" failures="0" tests="2" name="testNG.Cross_browser_Testing" time="57.370" errors="0" timestamp="2022-08-19T22:33:02 IST" skipped="0">
  <testcase classname="testNG.Cross_browser_Testing" name="TC" time="36.286"/>
  <system-out/>
  <testcase classname="testNG.Cross_browser_Testing" name="TC" time="21.084"/>
  <system-out/>
</testsuite> <!-- testNG.Cross_browser_Testing -->
