<?xml version="1.0" encoding="UTF-8"?>
<!-- Generated by org.testng.reporters.JUnitReportReporter -->
<testsuite hostname="vikas" failures="0" tests="2" name="tesng.Disable_TC_suite_level" time="0.021" errors="0" timestamp="2022-08-18T22:25:10 IST" skipped="0">
  <testcase classname="tesng.Disable_TC_suite_level" name="TC1" time="0.017"/>
  <system-out>
    <![CDATA[Running TC1]]>
  </system-out>
  <testcase classname="tesng.Disable_TC_suite_level" name="TC2" time="0.004"/>
  <system-out>
    <![CDATA[Running TC2]]>
  </system-out>
</testsuite> <!-- tesng.Disable_TC_suite_level -->
