<?xml version="1.0" encoding="UTF-8"?>
<!-- Generated by org.testng.reporters.JUnitReportReporter -->
<testsuite hostname="vikas" failures="0" tests="4" name="testNG.Assert_equals" time="0.052" errors="0" timestamp="2022-08-22T21:55:21 IST" skipped="0">
  <testcase classname="testNG.Assert_equals" name="TC3" time="0.006"/>
  <system-out>
    <![CDATA[Running Test 3]]>
  </system-out>
  <testcase classname="testNG.Assert_equals" name="TC1" time="0.035"/>
  <system-out>
    <![CDATA[Running Test 1]]>
  </system-out>
  <testcase classname="testNG.Assert_equals" name="TC4" time="0.005"/>
  <system-out>
    <![CDATA[Running Test 4]]>
  </system-out>
  <testcase classname="testNG.Assert_equals" name="TC2" time="0.006"/>
  <system-out>
    <![CDATA[Running Test 2]]>
  </system-out>
</testsuite> <!-- testNG.Assert_equals -->
