<?xml version="1.0" encoding="UTF-8"?>
<!-- Generated by org.testng.reporters.JUnitReportReporter -->
<testsuite hostname="vikas" failures="0" tests="3" name="tesng.Sample2" time="0.022" errors="0" timestamp="2022-08-18T22:03:37 IST" skipped="0">
  <testcase classname="tesng.Sample2" name="TC6" time="0.006"/>
  <system-out>
    <![CDATA[Running TC6]]>
  </system-out>
  <testcase classname="tesng.Sample2" name="TC4" time="0.009"/>
  <system-out>
    <![CDATA[Running TC4]]>
  </system-out>
  <testcase classname="tesng.Sample2" name="TC5" time="0.007"/>
  <system-out>
    <![CDATA[Running TC5]]>
  </system-out>
</testsuite> <!-- tesng.Sample2 -->
