<?xml version="1.0" encoding="UTF-8"?>
<!-- Generated by org.testng.reporters.JUnitReportReporter -->
<testsuite hostname="vikas" failures="0" tests="1" name="tesng.NewTest" time="0.018" errors="0" timestamp="2022-08-17T21:46:33 IST" skipped="0">
  <testcase classname="tesng.NewTest" name="f" time="0.018"/>
  <system-out>
    <![CDATA[hello]]>
  </system-out>
</testsuite> <!-- tesng.NewTest -->
