<?xml version="1.0" encoding="UTF-8"?>
<!-- Generated by org.testng.reporters.JUnitReportReporter -->
<testsuite hostname="vikas" failures="0" tests="5" name="tesng.Flags" time="0.030" errors="0" timestamp="2022-08-18T22:30:08 IST" skipped="0">
  <testcase classname="tesng.Flags" name="testcase" time="0.004"/>
  <system-out>
    <![CDATA[running test case]]>
  </system-out>
  <testcase classname="tesng.Flags" name="testcase" time="0.004"/>
  <system-out>
    <![CDATA[running test case]]>
  </system-out>
  <testcase classname="tesng.Flags" name="testcase" time="0.003"/>
  <system-out>
    <![CDATA[running test case]]>
  </system-out>
  <testcase classname="tesng.Flags" name="testcase" time="0.003"/>
  <system-out>
    <![CDATA[running test case]]>
  </system-out>
  <testcase classname="tesng.Flags" name="testcase" time="0.016"/>
  <system-out>
    <![CDATA[running test case]]>
  </system-out>
</testsuite> <!-- tesng.Flags -->
