<?xml version="1.0" encoding="UTF-8"?>
<!-- Generated by org.testng.reporters.JUnitReportReporter -->
<testsuite hostname="vikas" failures="0" tests="1" name="testNG.Parallel_Running_Browser_B" time="21.335" errors="0" timestamp="2022-08-20T00:23:10 IST" skipped="0">
  <testcase classname="testNG.Parallel_Running_Browser_B" name="TC2" time="21.335"/>
  <system-out/>
</testsuite> <!-- testNG.Parallel_Running_Browser_B -->
