<?xml version="1.0" encoding="UTF-8"?>
<!-- Generated by org.testng.reporters.JUnitReportReporter -->
<testsuite hostname="vikas" failures="0" tests="4" name="tesng.Priority" time="0.029" errors="0" timestamp="2022-08-17T22:47:43 IST" skipped="0">
  <testcase classname="tesng.Priority" name="tc4" time="0.019"/>
  <system-out>
    <![CDATA[Good afternoon]]>
  </system-out>
  <testcase classname="tesng.Priority" name="tc3" time="0.004"/>
  <system-out>
    <![CDATA[Good evening]]>
  </system-out>
  <testcase classname="tesng.Priority" name="tc2" time="0.003"/>
  <system-out>
    <![CDATA[Good morning]]>
  </system-out>
  <testcase classname="tesng.Priority" name="tc1" time="0.003"/>
  <system-out>
    <![CDATA[Good night]]>
  </system-out>
</testsuite> <!-- tesng.Priority -->
