<?xml version="1.0" encoding="UTF-8"?>
<!-- Generated by org.testng.reporters.JUnitReportReporter -->
<testsuite hostname="vikas" failures="0" tests="3" name="tesng.Disable_Test_Case" time="0.027" errors="0" timestamp="2022-08-18T22:10:15 IST" skipped="0">
  <testcase classname="tesng.Disable_Test_Case" name="TC3" time="0.002"/>
  <system-out>
    <![CDATA[Running TC3]]>
  </system-out>
  <testcase classname="tesng.Disable_Test_Case" name="TC1" time="0.015"/>
  <system-out>
    <![CDATA[Running TC1]]>
  </system-out>
  <testcase classname="tesng.Disable_Test_Case" name="TC2" time="0.010"/>
  <system-out>
    <![CDATA[Running TC2]]>
  </system-out>
</testsuite> <!-- tesng.Disable_Test_Case -->
