<?xml version="1.0" encoding="UTF-8"?>
<!-- Generated by org.testng.reporters.JUnitReportReporter -->
<testsuite hostname="vikas" failures="0" tests="1" name="testNG.Parallel_Running_Browser_A" time="20.027" errors="0" timestamp="2022-08-19T22:41:05 IST" skipped="0">
  <testcase classname="testNG.Parallel_Running_Browser_A" name="TC1" time="20.027"/>
  <system-out/>
</testsuite> <!-- testNG.Parallel_Running_Browser_A -->
