<?xml version="1.0" encoding="UTF-8"?>
<!-- Generated by org.testng.reporters.JUnitReportReporter -->
<testsuite hostname="vikas" failures="0" tests="1" name="tesng.Annotation" time="0.015" errors="0" timestamp="2022-08-17T22:00:48 IST" skipped="0">
  <testcase classname="tesng.Annotation" name="verifyID" time="0.015"/>
  <system-out>
    <![CDATA[login]]>
  </system-out>
</testsuite> <!-- tesng.Annotation -->
