<?xml version="1.0" encoding="UTF-8"?>
<!-- Generated by org.testng.reporters.JUnitReportReporter -->
<testsuite hostname="vikas" failures="0" tests="2" name="testNG.Soft_Verify" time="0.033" errors="0" timestamp="2022-08-22T22:33:36 IST" skipped="0">
  <testcase classname="testNG.Soft_Verify" name="TC1" time="0.030"/>
  <system-out>
    <![CDATA[Running tc1]]>
  </system-out>
  <testcase classname="testNG.Soft_Verify" name="TC2" time="0.003"/>
  <system-out>
    <![CDATA[Running tc2]]>
  </system-out>
</testsuite> <!-- testNG.Soft_Verify -->
