<?xml version="1.0" encoding="UTF-8"?>
<!-- Generated by org.testng.reporters.JUnitReportReporter -->
<testsuite hostname="vikas" failures="0" tests="1" name="pom_DDF_Testng.KiteLoginTEST_Testng" time="3.953" errors="0" timestamp="2022-08-23T22:21:13 IST" skipped="0">
  <testcase classname="pom_DDF_Testng.KiteLoginTEST_Testng" name="verifyUSERID" time="3.953"/>
  <system-out>
    <![CDATA[Running verify USERID ]]>
  </system-out>
</testsuite> <!-- pom_DDF_Testng.KiteLoginTEST_Testng -->
