<?xml version="1.0" encoding="UTF-8"?>
<!-- Generated by org.testng.reporters.JUnitReportReporter -->
<testsuite hostname="vikas" failures="0" tests="4" name="testNG.Priority" time="0.031" errors="0" timestamp="2022-08-21T14:39:57 IST" skipped="0">
  <testcase classname="testNG.Priority" name="tc2" time="0.024"/>
  <system-out>
    <![CDATA[Good morning]]>
  </system-out>
  <testcase classname="testNG.Priority" name="tc4" time="0.002"/>
  <system-out>
    <![CDATA[Good afternoon]]>
  </system-out>
  <testcase classname="testNG.Priority" name="tc3" time="0.002"/>
  <system-out>
    <![CDATA[Good evening]]>
  </system-out>
  <testcase classname="testNG.Priority" name="tc1" time="0.003"/>
  <system-out>
    <![CDATA[Good night]]>
  </system-out>
</testsuite> <!-- testNG.Priority -->
