<?xml version="1.0" encoding="UTF-8"?>
<!-- Generated by org.testng.reporters.JUnitReportReporter -->
<testsuite hostname="vikas" failures="0" tests="1" name="tesng.Timeout" time="0.036" errors="0" timestamp="2022-08-17T22:52:08 IST" skipped="0">
  <testcase classname="tesng.Timeout" name="tc" time="0.036"/>
  <system-out>
    <![CDATA[Aaram ke sath]]>
  </system-out>
</testsuite> <!-- tesng.Timeout -->
